TN:
SF:src\negocio\DisponibilidadDecorador.js
FN:3,combinarFechaHora
FN:7,haySolapamiento
FN:11,(anonymous_2)
FN:23,(anonymous_3)
FN:28,(anonymous_4)
FN:32,(anonymous_5)
FN:35,(anonymous_6)
FN:65,(anonymous_7)
FN:69,(anonymous_8)
FN:76,(anonymous_9)
FNF:10
FNH:8
FNDA:14,combinarFechaHora
FNDA:5,haySolapamiento
FNDA:4,(anonymous_2)
FNDA:11,(anonymous_3)
FNDA:0,(anonymous_4)
FNDA:9,(anonymous_5)
FNDA:1,(anonymous_6)
FNDA:0,(anonymous_7)
FNDA:2,(anonymous_8)
FNDA:1,(anonymous_9)
DA:1,1
DA:4,14
DA:8,5
DA:9,5
DA:11,5
DA:12,4
DA:13,3
DA:14,2
DA:16,2
DA:17,2
DA:18,2
DA:24,11
DA:25,11
DA:29,0
DA:33,9
DA:34,2
DA:35,2
DA:36,2
DA:37,1
DA:39,1
DA:40,1
DA:44,7
DA:45,7
DA:46,1
DA:48,6
DA:49,1
DA:52,5
DA:53,5
DA:54,1
DA:57,4
DA:58,4
DA:59,1
DA:62,3
DA:66,0
DA:70,2
DA:71,2
DA:72,0
DA:75,2
DA:76,2
DA:77,2
DA:78,1
DA:81,1
DA:82,1
DA:83,0
DA:86,1
LF:45
LH:41
BRDA:12,0,0,1
BRDA:12,0,1,3
BRDA:13,1,0,1
BRDA:13,1,1,2
BRDA:14,2,0,0
BRDA:14,2,1,2
BRDA:14,3,0,2
BRDA:14,3,1,2
BRDA:18,4,0,2
BRDA:18,4,1,2
BRDA:33,5,0,2
BRDA:33,5,1,7
BRDA:36,6,0,1
BRDA:36,6,1,1
BRDA:39,7,0,1
BRDA:39,7,1,0
BRDA:45,8,0,1
BRDA:45,8,1,6
BRDA:45,9,0,7
BRDA:45,9,1,7
BRDA:48,10,0,1
BRDA:48,10,1,5
BRDA:53,11,0,1
BRDA:53,11,1,4
BRDA:53,12,0,5
BRDA:53,12,1,5
BRDA:58,13,0,1
BRDA:58,13,1,3
BRDA:71,14,0,0
BRDA:71,14,1,2
BRDA:71,15,0,2
BRDA:71,15,1,2
BRDA:77,16,0,1
BRDA:77,16,1,1
BRDA:81,17,0,1
BRDA:81,17,1,0
BRDA:82,18,0,0
BRDA:82,18,1,1
BRF:38
BRH:33
end_of_record
TN:
SF:src\negocio\Evento.js
FN:2,(anonymous_0)
FNF:1
FNH:1
FNDA:2,(anonymous_0)
DA:3,2
DA:4,2
LF:2
LH:2
BRDA:2,0,0,0
BRF:1
BRH:0
end_of_record
TN:
SF:src\negocio\GestorEventos.js
FN:2,(anonymous_0)
FN:6,(anonymous_1)
FN:10,(anonymous_2)
FN:11,(anonymous_3)
FNF:4
FNH:4
FNDA:1,(anonymous_0)
FNDA:2,(anonymous_1)
FNDA:1,(anonymous_2)
FNDA:2,(anonymous_3)
DA:3,1
DA:7,2
DA:11,2
LF:3
LH:3
BRF:0
BRH:0
end_of_record
TN:
SF:src\negocio\LogAuditoriaObserver.js
FN:5,(anonymous_0)
FN:10,(anonymous_1)
FNF:2
FNH:2
FNDA:3,(anonymous_0)
FNDA:4,(anonymous_1)
DA:6,3
DA:7,3
DA:11,4
DA:13,2
DA:14,2
DA:15,2
DA:24,2
DA:25,2
LF:8
LH:8
BRDA:7,0,0,3
BRDA:7,0,1,0
BRDA:7,0,2,0
BRDA:7,1,0,0
BRDA:7,1,1,0
BRDA:11,2,0,2
BRDA:11,2,1,2
BRDA:11,3,0,4
BRDA:11,3,1,3
BRDA:14,4,0,2
BRDA:14,4,1,0
BRDA:16,5,0,2
BRDA:16,5,1,1
BRDA:16,5,2,1
BRDA:17,6,0,2
BRDA:17,6,1,1
BRDA:17,6,2,1
BRDA:19,7,0,2
BRDA:19,7,1,2
BRDA:20,8,0,2
BRDA:20,8,1,1
BRDA:20,8,2,1
BRDA:20,8,3,1
BRF:23
BRH:18
end_of_record
TN:
SF:src\negocio\NotificacionObserver.js
FN:4,(anonymous_0)
FN:10,(anonymous_1)
FN:17,(anonymous_2)
FN:55,(anonymous_3)
FN:65,(anonymous_4)
FN:75,(anonymous_5)
FNF:6
FNH:5
FNDA:7,(anonymous_0)
FNDA:2,(anonymous_1)
FNDA:3,(anonymous_2)
FNDA:5,(anonymous_3)
FNDA:2,(anonymous_4)
FNDA:0,(anonymous_5)
DA:5,7
DA:6,7
DA:7,7
DA:11,2
DA:12,2
DA:13,1
DA:18,3
DA:19,3
DA:20,3
DA:21,3
DA:22,3
DA:24,3
DA:25,1
DA:26,1
DA:29,2
DA:30,1
DA:31,1
DA:39,1
DA:40,1
DA:43,1
DA:51,1
DA:52,1
DA:56,5
DA:57,5
DA:58,5
DA:59,5
DA:60,5
DA:61,5
DA:62,5
DA:66,2
DA:67,2
DA:68,2
DA:69,2
DA:71,0
DA:72,0
DA:73,0
DA:74,0
DA:75,0
LF:38
LH:33
BRDA:11,0,0,0
BRDA:11,0,1,2
BRDA:11,1,0,2
BRDA:11,1,1,2
BRDA:12,2,0,1
BRDA:12,2,1,1
BRDA:21,3,0,3
BRDA:21,3,1,1
BRDA:22,4,0,1
BRDA:22,4,1,2
BRDA:24,5,0,1
BRDA:24,5,1,2
BRDA:29,6,0,1
BRDA:29,6,1,1
BRDA:56,7,0,4
BRDA:56,7,1,1
BRDA:56,8,0,1
BRDA:56,8,1,0
BRDA:58,9,0,5
BRDA:58,9,1,4
BRDA:59,10,0,5
BRDA:59,10,1,4
BRDA:60,11,0,5
BRDA:60,11,1,4
BRDA:61,12,0,5
BRDA:61,12,1,4
BRDA:65,13,0,0
BRDA:67,14,0,2
BRDA:67,14,1,0
BRF:29
BRH:25
end_of_record
TN:
SF:src\negocio\ServicioAutenticacion.js
FN:4,(anonymous_0)
FN:9,(anonymous_1)
FN:19,(anonymous_2)
FN:23,(anonymous_3)
FN:27,(anonymous_4)
FNF:5
FNH:4
FNDA:5,(anonymous_0)
FNDA:3,(anonymous_1)
FNDA:1,(anonymous_2)
FNDA:0,(anonymous_3)
FNDA:1,(anonymous_4)
DA:5,5
DA:6,5
DA:10,3
DA:11,3
DA:12,2
DA:15,1
DA:16,1
DA:20,1
DA:24,0
DA:28,1
LF:10
LH:9
BRDA:6,0,0,5
BRDA:6,0,1,0
BRDA:11,1,0,2
BRDA:11,1,1,1
BRDA:12,2,0,2
BRDA:12,2,1,1
BRF:6
BRH:5
end_of_record
TN:
SF:src\negocio\ServicioBaseDecorador.js
FN:2,(anonymous_0)
FN:6,(anonymous_1)
FNF:2
FNH:2
FNDA:1,(anonymous_0)
FNDA:1,(anonymous_1)
DA:3,1
DA:7,1
LF:2
LH:2
BRF:0
BRH:0
end_of_record
TN:
SF:src\negocio\ServicioCitas.js
FN:5,(anonymous_0)
FN:11,(anonymous_1)
FN:15,(anonymous_2)
FN:22,(anonymous_3)
FN:31,(anonymous_4)
FNF:5
FNH:4
FNDA:4,(anonymous_0)
FNDA:0,(anonymous_1)
FNDA:1,(anonymous_2)
FNDA:2,(anonymous_3)
FNDA:1,(anonymous_4)
DA:6,4
DA:7,4
DA:8,4
DA:12,0
DA:16,1
DA:17,1
DA:18,1
DA:19,1
DA:23,2
DA:24,2
DA:25,1
DA:27,1
DA:28,1
DA:32,1
DA:33,1
DA:34,1
DA:37,0
DA:46,0
DA:47,0
DA:48,0
LF:20
LH:15
BRDA:8,0,0,4
BRDA:8,0,1,0
BRDA:24,1,0,1
BRDA:24,1,1,1
BRDA:33,2,0,1
BRDA:33,2,1,0
BRDA:41,3,0,0
BRDA:41,3,1,0
BRDA:42,4,0,0
BRDA:42,4,1,0
BRDA:43,5,0,0
BRDA:43,5,1,0
BRF:12
BRH:4
end_of_record
TN:
SF:src\negocio\ServicioNotificaciones.js
FN:6,(anonymous_0)
FN:15,(anonymous_1)
FN:45,(anonymous_2)
FNF:3
FNH:3
FNDA:9,(anonymous_0)
FNDA:1,(anonymous_1)
FNDA:1,(anonymous_2)
DA:7,9
DA:8,9
DA:9,9
DA:16,1
DA:17,1
DA:18,0
DA:21,1
DA:22,1
DA:24,1
DA:25,1
DA:26,1
DA:37,1
DA:38,1
DA:39,1
DA:41,0
DA:46,1
DA:47,1
DA:58,1
DA:59,1
DA:60,1
LF:20
LH:18
BRDA:8,0,0,9
BRDA:8,0,1,0
BRDA:17,1,0,0
BRDA:17,1,1,1
BRDA:25,2,0,1
BRDA:25,2,1,0
BRDA:39,3,0,1
BRDA:39,3,1,0
BRDA:41,4,0,0
BRDA:41,4,1,0
BRF:10
BRH:4
end_of_record
TN:
SF:src\negocio\ServicioPacientes.js
FN:5,(anonymous_0)
FN:9,(anonymous_1)
FN:13,(anonymous_2)
FN:17,(anonymous_3)
FN:36,(anonymous_4)
FN:44,(anonymous_5)
FNF:6
FNH:4
FNDA:4,(anonymous_0)
FNDA:0,(anonymous_1)
FNDA:0,(anonymous_2)
FNDA:1,(anonymous_3)
FNDA:1,(anonymous_4)
FNDA:2,(anonymous_5)
DA:6,4
DA:10,0
DA:14,0
DA:18,1
DA:32,1
DA:33,1
DA:37,1
DA:38,1
DA:39,1
DA:41,0
DA:45,2
DA:46,2
DA:47,1
DA:49,1
LF:14
LH:11
BRDA:6,0,0,4
BRDA:6,0,1,0
BRDA:38,1,0,1
BRDA:38,1,1,0
BRDA:46,2,0,1
BRDA:46,2,1,1
BRF:6
BRH:4
end_of_record
TN:
SF:src\negocio\ServicioPerfiles.js
FN:6,(anonymous_0)
FN:13,(anonymous_1)
FN:17,(anonymous_2)
FN:22,(anonymous_3)
FN:26,(anonymous_4)
FN:28,(anonymous_5)
FN:31,(anonymous_6)
FN:35,(anonymous_7)
FN:52,(anonymous_8)
FN:70,(anonymous_9)
FN:78,(anonymous_10)
FN:93,(anonymous_11)
FN:99,(anonymous_12)
FN:122,(anonymous_13)
FNF:14
FNH:13
FNDA:7,(anonymous_0)
FNDA:5,(anonymous_1)
FNDA:0,(anonymous_2)
FNDA:24,(anonymous_3)
FNDA:7,(anonymous_4)
FNDA:7,(anonymous_5)
FNDA:2,(anonymous_6)
FNDA:4,(anonymous_7)
FNDA:1,(anonymous_8)
FNDA:3,(anonymous_9)
FNDA:3,(anonymous_10)
FNDA:2,(anonymous_11)
FNDA:1,(anonymous_12)
FNDA:2,(anonymous_13)
DA:7,7
DA:8,7
DA:9,7
DA:10,7
DA:14,5
DA:18,0
DA:19,0
DA:23,24
DA:27,7
DA:28,7
DA:32,2
DA:36,4
DA:37,4
DA:38,4
DA:39,4
DA:41,4
DA:42,1
DA:44,3
DA:45,0
DA:47,3
DA:48,1
DA:51,2
DA:52,2
DA:53,2
DA:54,1
DA:57,1
DA:65,1
DA:66,1
DA:67,1
DA:71,3
DA:72,3
DA:73,3
DA:74,3
DA:75,3
DA:77,3
DA:78,3
DA:79,3
DA:80,1
DA:83,2
DA:84,0
DA:86,2
DA:87,0
DA:89,2
DA:90,0
DA:93,2
DA:94,2
DA:95,0
DA:98,2
DA:99,1
DA:100,1
DA:101,1
DA:105,1
DA:113,1
DA:114,1
DA:115,0
DA:118,1
DA:119,1
DA:123,2
DA:130,2
DA:131,2
LF:60
LH:52
BRDA:8,0,0,7
BRDA:8,0,1,0
BRDA:8,1,0,0
BRDA:8,1,1,0
BRDA:9,2,0,7
BRDA:9,2,1,0
BRDA:9,3,0,0
BRDA:9,3,1,0
BRDA:10,4,0,7
BRDA:10,4,1,0
BRDA:18,5,0,0
BRDA:18,5,1,0
BRDA:23,6,0,24
BRDA:23,6,1,0
BRDA:27,7,0,0
BRDA:27,7,1,7
BRDA:36,8,0,4
BRDA:36,9,0,0
BRDA:36,10,0,4
BRDA:36,10,1,0
BRDA:41,11,0,1
BRDA:41,11,1,3
BRDA:44,12,0,0
BRDA:44,12,1,3
BRDA:47,13,0,1
BRDA:47,13,1,2
BRDA:53,14,0,1
BRDA:53,14,1,1
BRDA:71,15,0,2
BRDA:71,16,0,0
BRDA:71,17,0,3
BRDA:71,17,1,0
BRDA:79,18,0,1
BRDA:79,18,1,2
BRDA:83,19,0,0
BRDA:83,19,1,2
BRDA:86,20,0,0
BRDA:86,20,1,2
BRDA:89,21,0,0
BRDA:89,21,1,2
BRDA:93,22,0,2
BRDA:93,22,1,0
BRDA:94,23,0,0
BRDA:94,23,1,2
BRDA:98,24,0,1
BRDA:98,24,1,1
BRDA:98,25,0,2
BRDA:98,25,1,1
BRDA:99,26,0,1
BRDA:99,26,1,1
BRDA:100,27,0,1
BRDA:100,27,1,0
BRDA:114,28,0,0
BRDA:114,28,1,1
BRDA:124,29,0,2
BRDA:124,29,1,0
BRDA:124,30,0,0
BRDA:124,30,1,0
BRDA:125,31,0,2
BRDA:125,31,1,0
BRDA:125,32,0,0
BRDA:125,32,1,0
BRDA:130,33,0,0
BRDA:130,33,1,2
BRF:64
BRH:34
end_of_record
TN:
SF:src\negocio\ServicioPlanificacion.js
FN:9,(anonymous_0)
FN:21,(anonymous_1)
FN:29,(anonymous_2)
FN:42,(anonymous_3)
FN:58,(anonymous_4)
FN:59,(anonymous_5)
FN:69,(anonymous_6)
FN:70,(anonymous_7)
FN:79,(anonymous_8)
FN:80,(anonymous_9)
FN:90,(anonymous_10)
FN:91,(anonymous_11)
FN:94,(anonymous_12)
FN:103,(anonymous_13)
FN:104,(anonymous_14)
FN:106,(anonymous_15)
FN:114,(anonymous_16)
FN:115,(anonymous_17)
FN:125,(anonymous_18)
FN:132,(anonymous_19)
FN:136,(anonymous_20)
FN:140,(anonymous_21)
FNF:22
FNH:16
FNDA:13,(anonymous_0)
FNDA:13,(anonymous_1)
FNDA:13,(anonymous_2)
FNDA:1,(anonymous_3)
FNDA:4,(anonymous_4)
FNDA:3,(anonymous_5)
FNDA:1,(anonymous_6)
FNDA:1,(anonymous_7)
FNDA:1,(anonymous_8)
FNDA:1,(anonymous_9)
FNDA:0,(anonymous_10)
FNDA:0,(anonymous_11)
FNDA:0,(anonymous_12)
FNDA:2,(anonymous_13)
FNDA:3,(anonymous_14)
FNDA:1,(anonymous_15)
FNDA:1,(anonymous_16)
FNDA:1,(anonymous_17)
FNDA:13,(anonymous_18)
FNDA:0,(anonymous_19)
FNDA:0,(anonymous_20)
FNDA:0,(anonymous_21)
DA:10,13
DA:11,13
DA:12,13
DA:13,13
DA:14,13
DA:15,13
DA:16,13
DA:17,13
DA:18,13
DA:22,13
DA:23,13
DA:24,13
DA:25,13
DA:30,13
DA:31,2
DA:33,11
DA:34,0
DA:36,11
DA:37,1
DA:41,10
DA:42,10
DA:43,1
DA:44,1
DA:47,10
DA:48,1
DA:51,9
DA:52,9
DA:53,9
DA:54,9
DA:55,9
DA:59,4
DA:60,4
DA:61,3
DA:62,2
DA:63,1
DA:64,1
DA:65,1
DA:66,1
DA:70,1
DA:71,1
DA:72,1
DA:73,0
DA:74,0
DA:75,0
DA:76,0
DA:80,1
DA:81,1
DA:82,1
DA:83,1
DA:84,1
DA:85,1
DA:86,1
DA:87,1
DA:91,0
DA:95,0
DA:96,0
DA:97,0
DA:98,0
DA:99,0
DA:100,0
DA:104,3
DA:105,2
DA:106,2
DA:107,2
DA:108,1
DA:109,1
DA:110,1
DA:111,1
DA:115,1
DA:116,1
DA:117,1
DA:118,1
DA:119,1
DA:120,1
DA:121,1
DA:122,1
DA:126,13
DA:127,13
DA:128,13
DA:129,13
DA:133,0
DA:137,0
DA:141,0
LF:83
LH:68
BRDA:22,0,0,13
BRDA:22,0,1,0
BRDA:29,1,0,13
BRDA:29,2,0,0
BRDA:29,3,0,0
BRDA:30,4,0,2
BRDA:30,4,1,11
BRDA:30,5,0,13
BRDA:30,5,1,13
BRDA:30,5,2,13
BRDA:30,5,3,12
BRDA:33,6,0,0
BRDA:33,6,1,11
BRDA:36,7,0,1
BRDA:36,7,1,10
BRDA:43,8,0,0
BRDA:43,8,1,1
BRDA:43,9,0,1
BRDA:43,9,1,1
BRDA:43,9,2,1
BRDA:44,10,0,1
BRDA:44,10,1,1
BRDA:47,11,0,1
BRDA:47,11,1,9
BRDA:60,12,0,1
BRDA:60,12,1,3
BRDA:61,13,0,1
BRDA:61,13,1,2
BRDA:62,14,0,1
BRDA:62,14,1,1
BRDA:71,15,0,0
BRDA:71,15,1,1
BRDA:72,16,0,1
BRDA:72,16,1,0
BRDA:81,17,0,0
BRDA:81,17,1,1
BRDA:82,18,0,0
BRDA:82,18,1,1
BRDA:90,19,0,0
BRDA:91,20,0,0
BRDA:91,20,1,0
BRDA:91,20,2,0
BRDA:94,21,0,0
BRDA:95,22,0,0
BRDA:95,22,1,0
BRDA:95,23,0,0
BRDA:95,23,1,0
BRDA:105,24,0,0
BRDA:105,24,1,2
BRDA:106,25,0,1
BRDA:106,25,1,1
BRDA:107,26,0,1
BRDA:107,26,1,1
BRDA:116,27,0,0
BRDA:116,27,1,1
BRF:55
BRH:35
end_of_record
TN:
SF:src\negocio\ServicioUsuarios.js
FN:4,(anonymous_0)
FN:10,(anonymous_1)
FN:14,(anonymous_2)
FN:23,(anonymous_3)
FNF:4
FNH:3
FNDA:3,(anonymous_0)
FNDA:0,(anonymous_1)
FNDA:1,(anonymous_2)
FNDA:2,(anonymous_3)
DA:5,3
DA:6,3
DA:7,3
DA:11,0
DA:15,1
DA:17,1
DA:18,1
DA:19,1
DA:20,1
DA:24,2
DA:25,2
DA:26,1
DA:28,2
LF:13
LH:12
BRDA:7,0,0,3
BRDA:7,0,1,0
BRDA:25,1,0,1
BRDA:25,1,1,1
BRF:4
BRH:3
end_of_record
TN:
SF:src\negocio\ValidacionDecorador.js
FN:3,contieneScript
FN:5,(anonymous_1)
FN:8,validarCedulaEcuatoriana
FN:16,(anonymous_3)
FN:26,validarTelefono
FN:30,validarCorreo
FN:34,validarFechaNacimiento
FN:50,validarTextoSeguro
FN:55,(anonymous_8)
FN:59,(anonymous_9)
FN:63,(anonymous_10)
FN:92,(anonymous_11)
FN:109,(anonymous_12)
FN:113,(anonymous_13)
FN:127,(anonymous_14)
FN:134,(anonymous_15)
FN:144,(anonymous_16)
FNF:17
FNH:14
FNDA:26,contieneScript
FNDA:74,(anonymous_1)
FNDA:12,validarCedulaEcuatoriana
FNDA:81,(anonymous_3)
FNDA:6,validarTelefono
FNDA:15,validarCorreo
FNDA:4,validarFechaNacimiento
FNDA:18,validarTextoSeguro
FNDA:23,(anonymous_8)
FNDA:0,(anonymous_9)
FNDA:12,(anonymous_10)
FNDA:0,(anonymous_11)
FNDA:0,(anonymous_12)
FNDA:4,(anonymous_13)
FNDA:2,(anonymous_14)
FNDA:2,(anonymous_15)
FNDA:3,(anonymous_16)
DA:1,3
DA:4,26
DA:5,74
DA:9,12
DA:10,11
DA:11,11
DA:12,11
DA:13,10
DA:15,9
DA:16,9
DA:17,81
DA:18,81
DA:19,81
DA:21,9
DA:22,9
DA:23,9
DA:27,6
DA:31,15
DA:35,4
DA:36,4
DA:37,4
DA:39,4
DA:40,4
DA:41,4
DA:43,3
DA:44,3
DA:45,3
DA:47,2
DA:51,18
DA:56,23
DA:60,0
DA:64,12
DA:65,4
DA:67,8
DA:68,2
DA:70,6
DA:71,0
DA:73,6
DA:74,1
DA:76,5
DA:77,1
DA:79,4
DA:80,2
DA:82,2
DA:83,0
DA:85,2
DA:86,0
DA:89,2
DA:93,0
DA:94,0
DA:96,0
DA:97,0
DA:99,0
DA:100,0
DA:102,0
DA:103,0
DA:106,0
DA:110,0
DA:114,4
DA:115,1
DA:117,3
DA:118,1
DA:120,2
DA:121,1
DA:124,1
DA:128,2
DA:129,1
DA:131,1
DA:135,2
DA:136,0
DA:138,2
DA:139,1
DA:141,1
DA:145,3
DA:146,0
DA:148,3
DA:149,0
DA:151,3
DA:152,1
DA:154,2
DA:155,1
DA:157,1
LF:82
LH:65
BRDA:4,0,0,0
BRDA:4,0,1,26
BRDA:9,1,0,1
BRDA:9,1,1,11
BRDA:9,2,0,12
BRDA:9,2,1,12
BRDA:12,3,0,1
BRDA:12,3,1,10
BRDA:12,4,0,11
BRDA:12,4,1,11
BRDA:13,5,0,1
BRDA:13,5,1,9
BRDA:18,6,0,9
BRDA:18,6,1,72
BRDA:22,7,0,0
BRDA:22,7,1,9
BRDA:27,8,0,6
BRDA:27,8,1,6
BRDA:31,9,0,15
BRDA:31,9,1,15
BRDA:35,10,0,0
BRDA:35,10,1,4
BRDA:35,11,0,4
BRDA:35,11,1,4
BRDA:37,12,0,0
BRDA:37,12,1,4
BRDA:41,13,0,1
BRDA:41,13,1,3
BRDA:45,14,0,1
BRDA:45,14,1,2
BRDA:51,15,0,18
BRDA:51,15,1,18
BRDA:51,15,2,17
BRDA:64,16,0,4
BRDA:64,16,1,8
BRDA:67,17,0,2
BRDA:67,17,1,6
BRDA:70,18,0,0
BRDA:70,18,1,6
BRDA:73,19,0,1
BRDA:73,19,1,5
BRDA:76,20,0,1
BRDA:76,20,1,4
BRDA:79,21,0,2
BRDA:79,21,1,2
BRDA:82,22,0,0
BRDA:82,22,1,2
BRDA:85,23,0,0
BRDA:85,23,1,2
BRDA:93,24,0,0
BRDA:93,24,1,0
BRDA:96,25,0,0
BRDA:96,25,1,0
BRDA:99,26,0,0
BRDA:99,26,1,0
BRDA:102,27,0,0
BRDA:102,27,1,0
BRDA:114,28,0,1
BRDA:114,28,1,3
BRDA:114,29,0,4
BRDA:114,29,1,3
BRDA:117,30,0,1
BRDA:117,30,1,2
BRDA:120,31,0,1
BRDA:120,31,1,1
BRDA:120,32,0,2
BRDA:120,32,1,2
BRDA:128,33,0,1
BRDA:128,33,1,1
BRDA:128,34,0,2
BRDA:128,34,1,2
BRDA:135,35,0,0
BRDA:135,35,1,2
BRDA:138,36,0,1
BRDA:138,36,1,1
BRDA:138,37,0,2
BRDA:138,37,1,2
BRDA:145,38,0,0
BRDA:145,38,1,3
BRDA:148,39,0,0
BRDA:148,39,1,3
BRDA:148,40,0,3
BRDA:148,40,1,3
BRDA:151,41,0,1
BRDA:151,41,1,2
BRDA:151,42,0,3
BRDA:151,42,1,3
BRDA:154,43,0,1
BRDA:154,43,1,1
BRF:89
BRH:71
end_of_record
TN:
SF:src\negocio\strategy\CanalEmail.js
FN:2,(anonymous_0)
FNF:1
FNH:1
FNDA:1,(anonymous_0)
DA:3,1
DA:4,1
LF:2
LH:2
BRF:0
BRH:0
end_of_record
TN:
SF:src\negocio\strategy\CanalWhatsApp.js
FN:2,(anonymous_0)
FNF:1
FNH:1
FNDA:1,(anonymous_0)
DA:3,1
DA:4,1
LF:2
LH:2
BRF:0
BRH:0
end_of_record
